<?xml version="1.0" encoding="UTF-8"?>
<!-- Generated by org.testng.reporters.JUnitXMLReporter -->
<testsuite hostname="HDC2-D-BXM1T72" failures="0" tests="1" name="Test" time="0.19" errors="0" timestamp="13 Dec 2018 09:54:47 GMT">
  <testcase classname="com.makemytrip.qa.testcases.SignInPageTest" name="@BeforeMethod setUp" time="0.0">
    <failure type="java.lang.IllegalStateException" message="The driver executable does not exist: C:\Users\shaikh.mohammad.rafi\Documents\GitHub\Latest\MakeMyTripDemo\MakeMyTripDemo\src\test\resources\drivers\windows\chromedriver.exe">
      <![CDATA[java.lang.IllegalStateException: The driver executable does not exist: C:\Users\shaikh.mohammad.rafi\Documents\GitHub\Latest\MakeMyTripDemo\MakeMyTripDemo\src\test\resources\drivers\windows\chromedriver.exe
	at com.google.common.base.Preconditions.checkState(Preconditions.java:585)
	at org.openqa.selenium.remote.service.DriverService.checkExecutable(DriverService.java:137)
	at org.openqa.selenium.remote.service.DriverService.findExecutable(DriverService.java:132)
	at org.openqa.selenium.chrome.ChromeDriverService.access$000(ChromeDriverService.java:35)
	at org.openqa.selenium.chrome.ChromeDriverService$Builder.findDefaultExecutable(ChromeDriverService.java:156)
	at org.openqa.selenium.remote.service.DriverService$Builder.build(DriverService.java:346)
	at org.openqa.selenium.chrome.ChromeDriverService.createDefaultService(ChromeDriverService.java:91)
	at org.openqa.selenium.chrome.ChromeDriver.<init>(ChromeDriver.java:123)
	at com.makemytrip.qa.base.TestBaseSetup.initialization(TestBaseSetup.java:56)
	at com.makemytrip.qa.testcases.SignInPageTest.setUp(SignInPageTest.java:33)
... Removed 26 stack frames]]>
    </failure>
  </testcase>
  <testcase classname="com.makemytrip.qa.testcases.SignInPageTest" name="@AfterMethod cbrowser" time="0.0">
    <skipped/>
  </testcase>
  <testcase classname="com.makemytrip.qa.testcases.SignInPageTest" name="loginTest" time="0.003">
    <skipped/>
  </testcase>
</testsuite>
